[2024-09-26 19:53:42.939][main][info] Application launched
[2024-09-26 19:53:42.996][main][info] Application set as default protcol client for 'ytmd'
[2024-09-26 19:53:43.046][main][info] Created memory store
[2024-09-26 19:53:43.070][main][info] Performing store migration from 0.0.0 to >=2.0.0
[2024-09-26 19:53:43.088][main][info] Performing store migration from >=2.0.0 to >=2.0.1
[2024-09-26 19:53:43.100][main][info] Created electron store
[2024-09-26 19:53:43.493][main][info] Application ready
[2024-09-26 19:53:43.748][main][info] Setup IPC handlers
[2024-09-26 19:53:43.751][main][info] Setup permission handlers
[2024-09-26 19:53:43.753][main][info] Unregistered shortcuts
[2024-09-26 19:53:43.753][main][info] Registered shortcuts
[2024-09-26 19:53:43.773][main][info] Created tray icon
[2024-09-26 19:53:43.911][main][info] Created main window
[2024-09-26 19:53:43.919][main][info] Created YTM view
[2024-09-26 19:53:43.920][main][info] Setup taskbar features
[2024-09-26 19:53:43.920][main][info] Integration update: Zoom Factor
[2024-09-26 19:53:43.921][main][info] Starting enabled integrations
[2024-09-26 19:53:55.970][renderer][info] %c%s color: red; background: yellow; font-size: 24px; WARNING!
[2024-09-26 19:53:55.970][renderer][info] %c%s font-size: 18px; Using this console may allow attackers to impersonate you and steal your information using an attack called Self-XSS.
Do not enter or paste code that you do not understand.
[2024-09-26 19:54:15.581][renderer][error] requestStorageAccessFor: Permission denied.
[2024-09-26 19:54:15.583][renderer][error] requestStorageAccessFor: Permission denied.
[2024-09-26 19:54:15.584][renderer][error] requestStorageAccessFor: Permission denied.
[2024-09-26 19:54:17.092][main][warn] (electron) 'webContents.canGoBack' is deprecated and will be removed. Please use 'webContents.navigationHistory.canGoBack' instead.
[2024-09-26 19:54:17.093][main][warn] (electron) 'webContents.canGoForward' is deprecated and will be removed. Please use 'webContents.navigationHistory.canGoForward' instead.
[2024-09-26 19:54:27.552][renderer][info] LegacyDataMixin will be applied to all legacy elements.
Set `_legacyUndefinedCheck: true` on element class to enable.
[2024-09-26 19:54:28.027][renderer][info] Slow network is detected. See https:/[REDACTED] for more details. Fallback font will be used while loading: https:/[REDACTED]
[2024-09-26 19:54:28.295][renderer][info] Slow network is detected. See https:/[REDACTED] for more details. Fallback font will be used while loading: https:/[REDACTED]
[2024-09-26 19:54:28.296][renderer][info] Slow network is detected. See https:/[REDACTED] for more details. Fallback font will be used while loading: https:/[REDACTED]
[2024-09-26 19:54:28.553][renderer][info] Slow network is detected. See https:/[REDACTED] for more details. Fallback font will be used while loading: https:/[REDACTED]
[2024-09-26 19:54:28.940][renderer][info] Slow network is detected. See https:/[REDACTED] for more details. Fallback font will be used while loading: https:/[REDACTED]
[2024-09-26 19:54:29.732][renderer][info] Slow network is detected. See https:/[REDACTED] for more details. Fallback font will be used while loading: https:/[REDACTED]
[2024-09-26 19:54:29.732][renderer][info] Slow network is detected. See https:/[REDACTED] for more details. Fallback font will be used while loading: https:/[REDACTED]
[2024-09-26 19:54:39.374][renderer][error] requestStorageAccessFor: Permission denied.
[2024-09-26 19:54:39.375][renderer][error] requestStorageAccessFor: Permission denied.
[2024-09-26 19:54:39.375][renderer][error] requestStorageAccessFor: Permission denied.
[2024-09-26 19:54:48.640][main][info] Application quitting


[2024-09-26 21:20:14.973][main][info] Application launched
[2024-09-26 21:20:15.018][main][info] Application set as default protcol client for 'ytmd'
[2024-09-26 21:20:15.048][main][info] Created memory store
[2024-09-26 21:20:15.056][main][info] Created electron store
[2024-09-26 21:20:15.235][main][info] Application ready
[2024-09-26 21:20:15.239][main][info] Setup IPC handlers
[2024-09-26 21:20:15.242][main][info] Setup permission handlers
[2024-09-26 21:20:15.243][main][info] Unregistered shortcuts
[2024-09-26 21:20:15.243][main][info] Registered shortcuts
[2024-09-26 21:20:15.254][main][info] Created tray icon
[2024-09-26 21:20:15.329][main][info] Created main window
[2024-09-26 21:20:15.334][main][info] Created YTM view
[2024-09-26 21:20:15.335][main][info] Setup taskbar features
[2024-09-26 21:20:15.335][main][info] Integration update: Zoom Factor
[2024-09-26 21:20:15.336][main][info] Starting enabled integrations
[2024-09-26 21:20:15.548][renderer][info] Slow network is detected. See https:/[REDACTED] for more details. Fallback font will be used while loading: file:/[REDACTED]
[2024-09-26 21:20:15.569][renderer][info] Slow network is detected. See https:/[REDACTED] for more details. Fallback font will be used while loading: file:/[REDACTED]
[2024-09-26 21:20:15.660][main][warn] (electron) 'webContents.canGoBack' is deprecated and will be removed. Please use 'webContents.navigationHistory.canGoBack' instead.
[2024-09-26 21:20:15.661][main][warn] (electron) 'webContents.canGoForward' is deprecated and will be removed. Please use 'webContents.navigationHistory.canGoForward' instead.
[2024-09-26 21:20:16.198][renderer][info] LegacyDataMixin will be applied to all legacy elements.
Set `_legacyUndefinedCheck: true` on element class to enable.
[2024-09-26 21:20:17.159][renderer][info] Slow network is detected. See https:/[REDACTED] for more details. Fallback font will be used while loading: https:/[REDACTED]
[2024-09-26 21:20:21.464][main][info] Application quitting


[2024-09-26 21:20:27.741][main][info] Application launched
[2024-09-26 21:20:27.771][main][info] Application set as default protcol client for 'ytmd'
[2024-09-26 21:20:27.798][main][info] Created memory store
[2024-09-26 21:20:27.804][main][info] Created electron store
[2024-09-26 21:20:27.964][main][info] Application ready
[2024-09-26 21:20:27.968][main][info] Setup IPC handlers
[2024-09-26 21:20:27.971][main][info] Setup permission handlers
[2024-09-26 21:20:27.972][main][info] Unregistered shortcuts
[2024-09-26 21:20:27.972][main][info] Registered shortcuts
[2024-09-26 21:20:27.978][main][info] Created tray icon
[2024-09-26 21:20:28.037][main][info] Created main window
[2024-09-26 21:20:28.042][main][info] Created YTM view
[2024-09-26 21:20:28.043][main][info] Setup taskbar features
[2024-09-26 21:20:28.043][main][info] Integration update: Zoom Factor
[2024-09-26 21:20:28.043][main][info] Starting enabled integrations
[2024-09-26 21:20:28.389][main][warn] (electron) 'webContents.canGoBack' is deprecated and will be removed. Please use 'webContents.navigationHistory.canGoBack' instead.
[2024-09-26 21:20:28.389][main][warn] (electron) 'webContents.canGoForward' is deprecated and will be removed. Please use 'webContents.navigationHistory.canGoForward' instead.
[2024-09-26 21:20:28.751][renderer][info] LegacyDataMixin will be applied to all legacy elements.
Set `_legacyUndefinedCheck: true` on element class to enable.
[2024-09-26 21:20:34.379][renderer][error] requestStorageAccessFor: Permission denied.
[2024-09-26 21:20:34.379][renderer][error] requestStorageAccessFor: Permission denied.
[2024-09-26 21:20:34.379][renderer][error] requestStorageAccessFor: Permission denied.
[2024-09-26 21:20:58.247][renderer][info] LegacyDataMixin will be applied to all legacy elements.
Set `_legacyUndefinedCheck: true` on element class to enable.
[2024-09-26 21:21:01.673][renderer][error] requestStorageAccessFor: Permission denied.
[2024-09-26 21:21:01.716][renderer][error] requestStorageAccessFor: Permission denied.
[2024-09-26 21:21:01.717][renderer][error] requestStorageAccessFor: Permission denied.
[2024-09-27 11:06:35.440][main][info] Application launched
[2024-09-27 11:06:35.477][main][info] Application set as default protcol client for 'ytmd'
[2024-09-27 11:06:35.507][main][info] Created memory store
[2024-09-27 11:06:35.514][main][info] Created electron store
[2024-09-27 11:06:35.720][main][info] Application ready
[2024-09-27 11:06:35.724][main][info] Setup IPC handlers
[2024-09-27 11:06:35.730][main][info] Setup permission handlers
[2024-09-27 11:06:35.731][main][info] Unregistered shortcuts
[2024-09-27 11:06:35.732][main][info] Registered shortcuts
[2024-09-27 11:06:35.739][main][info] Created tray icon
[2024-09-27 11:06:35.832][main][info] Created main window
[2024-09-27 11:06:35.838][main][info] Created YTM view
[2024-09-27 11:06:35.838][main][info] Setup taskbar features
[2024-09-27 11:06:35.839][main][info] Integration update: Zoom Factor
[2024-09-27 11:06:35.839][main][info] Starting enabled integrations
[2024-09-27 11:06:36.310][main][warn] (electron) 'webContents.canGoBack' is deprecated and will be removed. Please use 'webContents.navigationHistory.canGoBack' instead.
[2024-09-27 11:06:36.312][main][warn] (electron) 'webContents.canGoForward' is deprecated and will be removed. Please use 'webContents.navigationHistory.canGoForward' instead.
[2024-09-27 11:06:36.830][renderer][info] LegacyDataMixin will be applied to all legacy elements.
Set `_legacyUndefinedCheck: true` on element class to enable.
[2024-09-27 11:06:50.509][renderer][error] requestStorageAccessFor: Permission denied.
[2024-09-27 11:06:50.539][renderer][error] requestStorageAccessFor: Permission denied.
[2024-09-27 11:06:50.540][renderer][error] requestStorageAccessFor: Permission denied.
[2024-09-27 11:39:01.689][main][info] Application launched
[2024-09-27 11:39:01.700][main][info] Handling protocol url --enable-sandbox
[2024-09-27 11:53:30.853][main][info] Application quitting


[2024-09-28 16:10:57.618][main][info] Application launched
[2024-09-28 16:10:57.658][main][info] Application set as default protcol client for 'ytmd'
[2024-09-28 16:10:57.689][main][info] Created memory store
[2024-09-28 16:10:57.696][main][info] Created electron store
[2024-09-28 16:10:57.901][main][info] Application ready
[2024-09-28 16:10:57.905][main][info] Setup IPC handlers
[2024-09-28 16:10:57.911][main][info] Setup permission handlers
[2024-09-28 16:10:57.913][main][info] Unregistered shortcuts
[2024-09-28 16:10:57.913][main][info] Registered shortcuts
[2024-09-28 16:10:57.920][main][info] Created tray icon
[2024-09-28 16:10:57.997][main][info] Created main window
[2024-09-28 16:10:58.002][main][info] Created YTM view
[2024-09-28 16:10:58.003][main][info] Setup taskbar features
[2024-09-28 16:10:58.003][main][info] Integration update: Zoom Factor
[2024-09-28 16:10:58.004][main][info] Starting enabled integrations
[2024-09-28 16:10:58.419][main][warn] (electron) 'webContents.canGoBack' is deprecated and will be removed. Please use 'webContents.navigationHistory.canGoBack' instead.
[2024-09-28 16:10:58.420][main][warn] (electron) 'webContents.canGoForward' is deprecated and will be removed. Please use 'webContents.navigationHistory.canGoForward' instead.
[2024-09-28 16:10:58.780][renderer][info] LegacyDataMixin will be applied to all legacy elements.
Set `_legacyUndefinedCheck: true` on element class to enable.
[2024-09-28 16:11:07.484][renderer][error] requestStorageAccessFor: Permission denied.
[2024-09-28 16:11:07.498][renderer][error] requestStorageAccessFor: Permission denied.
[2024-09-28 16:11:07.500][renderer][error] requestStorageAccessFor: Permission denied.
[2024-09-28 16:57:44.125][main][info] Application quitting


[2024-09-29 12:50:46.194][main][info] Application launched
[2024-09-29 12:50:46.254][main][info] Application set as default protcol client for 'ytmd'
[2024-09-29 12:50:46.294][main][info] Created memory store
[2024-09-29 12:50:46.316][main][info] Created electron store
[2024-09-29 12:50:46.998][main][info] Application ready
[2024-09-29 12:50:47.007][main][info] Setup IPC handlers
[2024-09-29 12:50:47.020][main][info] Setup permission handlers
[2024-09-29 12:50:47.027][main][info] Unregistered shortcuts
[2024-09-29 12:50:47.029][main][info] Registered shortcuts
[2024-09-29 12:50:47.045][main][info] Created tray icon
[2024-09-29 12:50:47.213][main][info] Created main window
[2024-09-29 12:50:47.227][main][info] Created YTM view
[2024-09-29 12:50:47.230][main][info] Setup taskbar features
[2024-09-29 12:50:47.232][main][info] Integration update: Zoom Factor
[2024-09-29 12:50:47.239][main][info] Starting enabled integrations
[2024-09-29 12:50:47.777][main][warn] (electron) 'webContents.canGoBack' is deprecated and will be removed. Please use 'webContents.navigationHistory.canGoBack' instead.
[2024-09-29 12:50:47.781][main][warn] (electron) 'webContents.canGoForward' is deprecated and will be removed. Please use 'webContents.navigationHistory.canGoForward' instead.
[2024-09-29 12:50:49.101][renderer][info] LegacyDataMixin will be applied to all legacy elements.
Set `_legacyUndefinedCheck: true` on element class to enable.
[2024-09-29 12:52:59.823][renderer][error] requestStorageAccessFor: Permission denied.
[2024-09-29 12:52:59.864][renderer][error] requestStorageAccessFor: Permission denied.
[2024-09-29 12:52:59.866][renderer][error] requestStorageAccessFor: Permission denied.
[2024-09-29 12:53:00.724][renderer][error] Uncaught Error: PlayerProxy error when creating global callback
[2024-09-29 13:50:50.022][main][info] Application launched
[2024-09-29 13:50:50.053][main][info] Application set as default protcol client for 'ytmd'
[2024-09-29 13:50:50.078][main][info] Created memory store
[2024-09-29 13:50:50.084][main][info] Created electron store
[2024-09-29 13:50:50.257][main][info] Application ready
[2024-09-29 13:50:50.363][main][info] Setup IPC handlers
[2024-09-29 13:50:50.366][main][info] Setup permission handlers
[2024-09-29 13:50:50.367][main][info] Unregistered shortcuts
[2024-09-29 13:50:50.367][main][info] Registered shortcuts
[2024-09-29 13:50:50.371][main][info] Created tray icon
[2024-09-29 13:50:50.422][main][info] Created main window
[2024-09-29 13:50:50.427][main][info] Created YTM view
[2024-09-29 13:50:50.428][main][info] Setup taskbar features
[2024-09-29 13:50:50.428][main][info] Integration update: Zoom Factor
[2024-09-29 13:50:50.428][main][info] Starting enabled integrations
[2024-09-29 13:50:50.995][renderer][info] %c%s color: red; background: yellow; font-size: 24px; WARNING!
[2024-09-29 13:50:50.995][renderer][info] %c%s font-size: 18px; Using this console may allow attackers to impersonate you and steal your information using an attack called Self-XSS.
Do not enter or paste code that you do not understand.
[2024-09-29 13:50:53.838][renderer][error] requestStorageAccessFor: Permission denied.
[2024-09-29 13:50:53.839][renderer][error] requestStorageAccessFor: Permission denied.
[2024-09-29 13:50:53.840][renderer][error] requestStorageAccessFor: Permission denied.
[2024-09-29 13:50:53.976][main][warn] (electron) 'webContents.canGoBack' is deprecated and will be removed. Please use 'webContents.navigationHistory.canGoBack' instead.
[2024-09-29 13:50:53.977][main][warn] (electron) 'webContents.canGoForward' is deprecated and will be removed. Please use 'webContents.navigationHistory.canGoForward' instead.
[2024-09-29 13:50:54.526][renderer][info] LegacyDataMixin will be applied to all legacy elements.
Set `_legacyUndefinedCheck: true` on element class to enable.
[2024-09-29 13:50:56.370][renderer][error] Access to XMLHttpRequest at 'https://www.youtube.com/[REDACTED] from origin 'https://music.youtube.com' has been blocked by CORS policy: The value of the 'Access-Control-Allow-Origin' header in the response must not be the wildcard '*' when the request's credentials mode is 'include'. The credentials mode of requests initiated by the XMLHttpRequest is controlled by the withCredentials attribute.
[2024-09-29 13:50:58.875][renderer][error] requestStorageAccessFor: Permission denied.
[2024-09-29 13:50:58.879][renderer][error] requestStorageAccessFor: Permission denied.
[2024-09-29 13:50:58.881][renderer][error] requestStorageAccessFor: Permission denied.
[2024-09-29 13:51:02.081][renderer][error] Access to XMLHttpRequest at 'https://www.youtube.com/[REDACTED] from origin 'https:/[REDACTED] has been blocked by CORS policy: The value of the 'Access-Control-Allow-Origin' header in the response must not be the wildcard '*' when the request's credentials mode is 'include'. The credentials mode of requests initiated by the XMLHttpRequest is controlled by the withCredentials attribute.
[2024-09-29 13:51:18.430][renderer][info] LegacyDataMixin will be applied to all legacy elements.
Set `_legacyUndefinedCheck: true` on element class to enable.
[2024-09-29 14:05:31.732][renderer][error] Uncaught Error: PlayerProxy error when creating global callback
[2024-09-29 14:05:31.852][renderer][error] requestStorageAccessFor: Permission denied.
[2024-09-29 14:05:31.888][renderer][error] requestStorageAccessFor: Permission denied.
[2024-09-29 14:05:31.889][renderer][error] requestStorageAccessFor: Permission denied.
[2024-09-29 15:21:45.390][main][info] Application launched
[2024-09-29 15:21:45.396][main][info] Handling protocol url --enable-sandbox
[2024-09-29 15:21:54.016][renderer][error] Uncaught Error: PlayerProxy error when creating global callback
[2024-09-29 15:24:36.427][main][info] Application launched
[2024-09-29 15:24:36.433][main][info] Handling protocol url --enable-sandbox
[2024-09-29 15:24:37.075][main][info] Application launched
[2024-09-29 15:24:37.080][main][info] Handling protocol url --enable-sandbox
[2024-09-29 15:24:38.032][main][info] Application launched
[2024-09-29 15:24:38.038][main][info] Handling protocol url --enable-sandbox
[2024-09-29 15:24:38.552][main][info] Application launched
[2024-09-29 15:24:38.558][main][info] Handling protocol url --enable-sandbox
[2024-09-29 15:24:39.299][main][info] Application launched
[2024-09-29 15:24:39.305][main][info] Handling protocol url --enable-sandbox
